{
  "RSpec": {
    "coverage": {
      "/home/shihchuchen/SOA/jk.ruby/hobbycatcher/init.rb": {
        "lines": [
          null,
          null,
          1,
          2,
          null
        ]
      },
      "/home/shihchuchen/SOA/jk.ruby/hobbycatcher/config/init.rb": {
        "lines": [
          null,
          null,
          1
        ]
      },
      "/home/shihchuchen/SOA/jk.ruby/hobbycatcher/config/environment.rb": {
        "lines": [
          null,
          null,
          1,
          1,
          1,
          1,
          1,
          null,
          1,
          null,
          1,
          1,
          null,
          1,
          null,
          1,
          null,
          null,
          null,
          1,
          1,
          null,
          1,
          1,
          null,
          null,
          null,
          1,
          null,
          1,
          null,
          null,
          null
        ]
      },
      "/home/shihchuchen/SOA/jk.ruby/hobbycatcher/app/init.rb": {
        "lines": [
          null,
          null,
          1,
          2,
          null
        ]
      },
      "/home/shihchuchen/SOA/jk.ruby/hobbycatcher/app/models/init.rb": {
        "lines": [
          null,
          null,
          1,
          null,
          3,
          7,
          null,
          null
        ]
      },
      "/home/shihchuchen/SOA/jk.ruby/hobbycatcher/app/models/entities/category.rb": {
        "lines": [
          null,
          null,
          1,
          1,
          null,
          1,
          1,
          null,
          1,
          1,
          null,
          1,
          1,
          1,
          1,
          null,
          null,
          null,
          null
        ]
      },
      "/home/shihchuchen/SOA/jk.ruby/hobbycatcher/app/models/entities/course.rb": {
        "lines": [
          null,
          null,
          1,
          1,
          null,
          1,
          1,
          null,
          1,
          1,
          null,
          1,
          1,
          1,
          1,
          1,
          1,
          1,
          1,
          null,
          1,
          0,
          null,
          null,
          null,
          null,
          null
        ]
      },
      "/home/shihchuchen/SOA/jk.ruby/hobbycatcher/app/models/entities/hobby.rb": {
        "lines": [
          null,
          null,
          1,
          1,
          null,
          1,
          1,
          null,
          1,
          1,
          null,
          1,
          1,
          1,
          1,
          1,
          1,
          null,
          null,
          null,
          null
        ]
      },
      "/home/shihchuchen/SOA/jk.ruby/hobbycatcher/app/models/mappers/course_mapper.rb": {
        "lines": [
          null,
          null,
          null,
          null,
          1,
          1,
          null,
          1,
          1,
          0,
          0,
          0,
          null,
          null,
          1,
          0,
          0,
          null,
          null,
          null,
          1,
          0,
          0,
          null,
          null,
          null,
          null,
          1,
          1,
          0,
          null,
          null,
          1,
          0,
          null,
          null,
          null,
          null,
          null,
          null,
          null,
          null,
          null,
          null,
          null,
          1,
          0,
          null,
          null,
          1,
          0,
          null,
          null,
          1,
          0,
          null,
          null,
          1,
          0,
          null,
          null,
          1,
          0,
          null,
          null,
          1,
          0,
          null,
          null,
          1,
          0,
          null,
          null,
          null,
          null,
          null
        ]
      },
      "/home/shihchuchen/SOA/jk.ruby/hobbycatcher/app/models/repositories/courses.rb": {
        "lines": [
          null,
          null,
          1,
          1,
          null,
          1,
          1,
          0,
          null,
          null,
          1,
          0,
          null,
          null,
          1,
          0,
          null,
          null,
          1,
          0,
          null,
          null,
          1,
          0,
          null,
          null,
          1,
          0,
          null,
          null,
          1,
          0,
          null,
          0,
          null,
          null,
          null,
          null,
          null,
          null,
          null,
          null,
          null,
          null,
          null,
          1,
          0,
          0,
          null,
          null,
          null,
          1,
          0,
          null,
          null,
          1,
          0,
          0,
          null,
          null,
          1,
          1,
          0,
          null,
          null,
          1,
          0,
          0,
          null,
          0,
          null,
          null,
          null,
          null,
          null,
          null
        ]
      },
      "/home/shihchuchen/SOA/jk.ruby/hobbycatcher/app/models/repositories/for.rb": {
        "lines": [
          null,
          null,
          1,
          null,
          1,
          1,
          null,
          1,
          null,
          1,
          null,
          null,
          1,
          0,
          null,
          null,
          1,
          0,
          null,
          null,
          null,
          null
        ]
      },
      "/home/shihchuchen/SOA/jk.ruby/hobbycatcher/app/models/repositories/init.rb": {
        "lines": [
          null,
          null,
          1,
          3,
          null
        ]
      },
      "/home/shihchuchen/SOA/jk.ruby/hobbycatcher/app/infrastructure/init.rb": {
        "lines": [
          null,
          null,
          1,
          1,
          2,
          null
        ]
      },
      "/home/shihchuchen/SOA/jk.ruby/hobbycatcher/app/infrastructure/gateways/init.rb": {
        "lines": [
          null,
          null,
          1,
          2,
          null
        ]
      },
      "/home/shihchuchen/SOA/jk.ruby/hobbycatcher/app/infrastructure/gateways/udemy_api.rb": {
        "lines": [
          null,
          null,
          1,
          1,
          null,
          1,
          1,
          null,
          1,
          1,
          0,
          null,
          null,
          1,
          0,
          null,
          null,
          null,
          null,
          null,
          null,
          null,
          1,
          1,
          null,
          1,
          0,
          null,
          null,
          1,
          0,
          null,
          null,
          1,
          0,
          null,
          null,
          null,
          null,
          null,
          0,
          0,
          null,
          null,
          null,
          null,
          null,
          1,
          1,
          1,
          1,
          null,
          null,
          1,
          null,
          null,
          null,
          null,
          1,
          0,
          null,
          null,
          1,
          0,
          null,
          null,
          null,
          null,
          null
        ]
      },
      "/home/shihchuchen/SOA/jk.ruby/hobbycatcher/app/infrastructure/database/init.rb": {
        "lines": [
          null,
          null,
          1,
          1,
          1,
          null
        ]
      },
      "/home/shihchuchen/SOA/jk.ruby/hobbycatcher/app/infrastructure/database/orms/init.rb": {
        "lines": [
          null,
          null,
          1,
          1,
          null
        ]
      },
      "/home/shihchuchen/SOA/jk.ruby/hobbycatcher/app/infrastructure/database/orms/category_orm.rb": {
        "lines": [

        ]
      }
    },
    "timestamp": 1636603338
  },
  "Minitest": {
    "coverage": {
    },
    "timestamp": 1636620971
  }
}
